<?xml version="1.0" encoding="UTF-8"?>
<!-- Generated by org.testng.reporters.JUnitReportReporter -->
<testsuite skipped="0" hostname="Vikkyaradhya" name="stepDefinition.LoginTest" tests="4" failures="0" timestamp="23 Mar 2019 07:15:01 GMT" time="5.516" errors="0">
  <testcase name="goToLoginPage" time="0.008" classname="stepDefinition.LoginTest"/>
  <testcase name="goToHomePage" time="0.901" classname="stepDefinition.LoginTest"/>
  <testcase name="verifyLoginPageTitle" time="0.006" classname="stepDefinition.LoginTest"/>
  <testcase name="loginUser" time="4.601" classname="stepDefinition.LoginTest"/>
</testsuite> <!-- stepDefinition.LoginTest -->
