<?xml version="1.0" encoding="UTF-8"?>
<!-- Generated by org.testng.reporters.JUnitReportReporter -->
<testsuite skipped="0" hostname="Vikkyaradhya" name="stepDefinition.RegisterTest" tests="4" failures="0" timestamp="24 Mar 2019 09:05:22 GMT" time="98.694" errors="0">
  <testcase name="verifyHomePageTitle" time="0.016" classname="stepDefinition.RegisterTest"/>
  <testcase name="registerUser" time="0.904" classname="stepDefinition.RegisterTest"/>
  <testcase name="verifyRegisterPageTitle" time="0.000" classname="stepDefinition.RegisterTest"/>
  <testcase name="enterUserDetails" time="97.774" classname="stepDefinition.RegisterTest"/>
</testsuite> <!-- stepDefinition.RegisterTest -->
