<?xml version="1.0" encoding="UTF-8"?>
<!-- Generated by org.testng.reporters.JUnitReportReporter -->
<testsuite skipped="0" hostname="Vikkyaradhya" name="stepDefinition.LoginTest" tests="4" failures="0" timestamp="24 Mar 2019 09:05:22 GMT" time="30.507" errors="0">
  <testcase name="goToLoginPage" time="0.000" classname="stepDefinition.LoginTest"/>
  <testcase name="goToHomePage" time="0.895" classname="stepDefinition.LoginTest"/>
  <testcase name="verifyLoginPageTitle" time="0.015" classname="stepDefinition.LoginTest"/>
  <testcase name="loginUser" time="29.597" classname="stepDefinition.LoginTest"/>
</testsuite> <!-- stepDefinition.LoginTest -->
