<?xml version="1.0" encoding="UTF-8"?>
<!-- Generated by org.testng.reporters.JUnitReportReporter -->
<testsuite skipped="0" hostname="Vikkyaradhya" name="stepDefinition.RegisterTest" tests="4" failures="0" timestamp="23 Mar 2019 07:15:01 GMT" time="13.657" errors="0">
  <testcase name="verifyHomePageTitle" time="0.021" classname="stepDefinition.RegisterTest"/>
  <testcase name="registerUser" time="0.897" classname="stepDefinition.RegisterTest"/>
  <testcase name="verifyRegisterPageTitle" time="0.008" classname="stepDefinition.RegisterTest"/>
  <testcase name="enterUserDetails" time="12.731" classname="stepDefinition.RegisterTest"/>
</testsuite> <!-- stepDefinition.RegisterTest -->
